0 info it worked if it ends with ok
1 verbose cli [ '/usr/local/bin/node', '/usr/local/bin/npm', 'run', 'build' ]
2 info using npm@3.9.5
3 info using node@v6.2.0
4 verbose run-script [ 'prebuild', 'build', 'postbuild' ]
5 info lifecycle blogr@1.0.0~prebuild: blogr@1.0.0
6 silly lifecycle blogr@1.0.0~prebuild: no script for prebuild, continuing
7 info lifecycle blogr@1.0.0~build: blogr@1.0.0
8 verbose lifecycle blogr@1.0.0~build: unsafe-perm in lifecycle true
9 verbose lifecycle blogr@1.0.0~build: PATH: /usr/local/lib/node_modules/npm/bin/node-gyp-bin:/Users/walkersmith/Repositories/blogr/node_modules/.bin:/usr/local/bin:/Users/walkersmith/Repositories/continuum/client/bin:/Users/walkersmith/Repositories/continuum/common/bin:/usr/local/bin:/usr/bin:/bin:/usr/sbin:/sbin:/opt/X11/bin:/usr/local/chef/bin:/usr/local/git/bin:/usr/local/go/bin:/usr/local/gradle/bin:/Users/walkersmith/.rvm/bin:/Users/walkersmith/.rvm/bin:/usr/local/mongodb/bin:usr/local/share/python/nosetests
10 verbose lifecycle blogr@1.0.0~build: CWD: /Users/walkersmith/Repositories/blogr
11 silly lifecycle blogr@1.0.0~build: Args: [ '-c', 'node index.js' ]
12 silly lifecycle blogr@1.0.0~build: Returned: code: 7  signal: null
13 info lifecycle blogr@1.0.0~build: Failed to exec build script
14 verbose stack Error: blogr@1.0.0 build: `node index.js`
14 verbose stack Exit status 7
14 verbose stack     at EventEmitter.<anonymous> (/usr/local/lib/node_modules/npm/lib/utils/lifecycle.js:245:16)
14 verbose stack     at emitTwo (events.js:106:13)
14 verbose stack     at EventEmitter.emit (events.js:191:7)
14 verbose stack     at ChildProcess.<anonymous> (/usr/local/lib/node_modules/npm/lib/utils/spawn.js:24:14)
14 verbose stack     at emitTwo (events.js:106:13)
14 verbose stack     at ChildProcess.emit (events.js:191:7)
14 verbose stack     at maybeClose (internal/child_process.js:850:16)
14 verbose stack     at Process.ChildProcess._handle.onexit (internal/child_process.js:215:5)
15 verbose pkgid blogr@1.0.0
16 verbose cwd /Users/walkersmith/Repositories/blogr
17 error Darwin 15.4.0
18 error argv "/usr/local/bin/node" "/usr/local/bin/npm" "run" "build"
19 error node v6.2.0
20 error npm  v3.9.5
21 error code ELIFECYCLE
22 error blogr@1.0.0 build: `node index.js`
22 error Exit status 7
23 error Failed at the blogr@1.0.0 build script 'node index.js'.
23 error Make sure you have the latest version of node.js and npm installed.
23 error If you do, this is most likely a problem with the blogr package,
23 error not with npm itself.
23 error Tell the author that this fails on your system:
23 error     node index.js
23 error You can get information on how to open an issue for this project with:
23 error     npm bugs blogr
23 error Or if that isn't available, you can get their info via:
23 error     npm owner ls blogr
23 error There is likely additional logging output above.
24 verbose exit [ 1, true ]
